
main.o:     file format elf64-littleriscv


Disassembly of section .text:

00000000000100b0 <main>:
   100b0:	0000006f          	j	100b0 <main>

00000000000100b4 <register_fini>:
   100b4:	ffff0797          	auipc	a5,0xffff0
   100b8:	f4c78793          	addi	a5,a5,-180 # 0 <main-0x100b0>
   100bc:	00078863          	beqz	a5,100cc <register_fini+0x18>
   100c0:	00000517          	auipc	a0,0x0
   100c4:	1a850513          	addi	a0,a0,424 # 10268 <__libc_fini_array>
   100c8:	1580006f          	j	10220 <atexit>
   100cc:	00008067          	ret

00000000000100d0 <_start>:
   100d0:	00002197          	auipc	gp,0x2
   100d4:	dc818193          	addi	gp,gp,-568 # 11e98 <__global_pointer$>
   100d8:	f6018513          	addi	a0,gp,-160 # 11df8 <_edata>
   100dc:	f9818613          	addi	a2,gp,-104 # 11e30 <__BSS_END__>
   100e0:	40a60633          	sub	a2,a2,a0
   100e4:	00000593          	li	a1,0
   100e8:	270000ef          	jal	ra,10358 <memset>
   100ec:	00000517          	auipc	a0,0x0
   100f0:	17c50513          	addi	a0,a0,380 # 10268 <__libc_fini_array>
   100f4:	12c000ef          	jal	ra,10220 <atexit>
   100f8:	1cc000ef          	jal	ra,102c4 <__libc_init_array>
   100fc:	00012503          	lw	a0,0(sp)
   10100:	00810593          	addi	a1,sp,8
   10104:	00000613          	li	a2,0
   10108:	fa9ff0ef          	jal	ra,100b0 <main>
   1010c:	1280006f          	j	10234 <exit>

0000000000010110 <__do_global_dtors_aux>:
   10110:	f601c783          	lbu	a5,-160(gp) # 11df8 <_edata>
   10114:	04079463          	bnez	a5,1015c <__do_global_dtors_aux+0x4c>
   10118:	ffff0797          	auipc	a5,0xffff0
   1011c:	ee878793          	addi	a5,a5,-280 # 0 <main-0x100b0>
   10120:	02078863          	beqz	a5,10150 <__do_global_dtors_aux+0x40>
   10124:	ff010113          	addi	sp,sp,-16
   10128:	00001517          	auipc	a0,0x1
   1012c:	55050513          	addi	a0,a0,1360 # 11678 <__FRAME_END__>
   10130:	00113423          	sd	ra,8(sp)
   10134:	00000097          	auipc	ra,0x0
   10138:	000000e7          	jalr	zero # 0 <main-0x100b0>
   1013c:	00813083          	ld	ra,8(sp)
   10140:	00100793          	li	a5,1
   10144:	f6f18023          	sb	a5,-160(gp) # 11df8 <_edata>
   10148:	01010113          	addi	sp,sp,16
   1014c:	00008067          	ret
   10150:	00100793          	li	a5,1
   10154:	f6f18023          	sb	a5,-160(gp) # 11df8 <_edata>
   10158:	00008067          	ret
   1015c:	00008067          	ret

0000000000010160 <frame_dummy>:
   10160:	ffff0797          	auipc	a5,0xffff0
   10164:	ea078793          	addi	a5,a5,-352 # 0 <main-0x100b0>
   10168:	00078c63          	beqz	a5,10180 <frame_dummy+0x20>
   1016c:	f6818593          	addi	a1,gp,-152 # 11e00 <object.5473>
   10170:	00001517          	auipc	a0,0x1
   10174:	50850513          	addi	a0,a0,1288 # 11678 <__FRAME_END__>
   10178:	00000317          	auipc	t1,0x0
   1017c:	00000067          	jr	zero # 0 <main-0x100b0>
   10180:	00008067          	ret

0000000000010184 <state_machine>:
   10184:	00800793          	li	a5,8
   10188:	06a7ea63          	bltu	a5,a0,101fc <state_machine+0x78>
   1018c:	00010737          	lui	a4,0x10
   10190:	00251793          	slli	a5,a0,0x2
   10194:	65470713          	addi	a4,a4,1620 # 10654 <__errno+0xc>
   10198:	00e787b3          	add	a5,a5,a4
   1019c:	0007a783          	lw	a5,0(a5)
   101a0:	00078067          	jr	a5
   101a4:	00300513          	li	a0,3
   101a8:	00008067          	ret
   101ac:	00400513          	li	a0,4
   101b0:	00008067          	ret
   101b4:	00500513          	li	a0,5
   101b8:	00008067          	ret
   101bc:	00600513          	li	a0,6
   101c0:	00008067          	ret
   101c4:	00700513          	li	a0,7
   101c8:	00008067          	ret
   101cc:	00800513          	li	a0,8
   101d0:	00008067          	ret
   101d4:	00b035b3          	snez	a1,a1
   101d8:	40b005b3          	neg	a1,a1
   101dc:	00b57533          	and	a0,a0,a1
   101e0:	00008067          	ret
   101e4:	0015b513          	seqz	a0,a1
   101e8:	00008067          	ret
   101ec:	00100793          	li	a5,1
   101f0:	faf59ce3          	bne	a1,a5,101a8 <state_machine+0x24>
   101f4:	00200513          	li	a0,2
   101f8:	00008067          	ret
   101fc:	00000513          	li	a0,0
   10200:	00008067          	ret

0000000000010204 <detect_load>:
   10204:	00100513          	li	a0,1
   10208:	00008067          	ret

000000000001020c <select_water_level>:
   1020c:	00100513          	li	a0,1
   10210:	00008067          	ret

0000000000010214 <select_temperature>:
   10214:	00100513          	li	a0,1
   10218:	00008067          	ret

000000000001021c <run_timer>:
   1021c:	00008067          	ret

0000000000010220 <atexit>:
   10220:	00050593          	mv	a1,a0
   10224:	00000693          	li	a3,0
   10228:	00000613          	li	a2,0
   1022c:	00000513          	li	a0,0
   10230:	2040006f          	j	10434 <__register_exitproc>

0000000000010234 <exit>:
   10234:	ff010113          	addi	sp,sp,-16
   10238:	00000593          	li	a1,0
   1023c:	00813023          	sd	s0,0(sp)
   10240:	00113423          	sd	ra,8(sp)
   10244:	00050413          	mv	s0,a0
   10248:	298000ef          	jal	ra,104e0 <__call_exitprocs>
   1024c:	f4818793          	addi	a5,gp,-184 # 11de0 <_global_impure_ptr>
   10250:	0007b503          	ld	a0,0(a5)
   10254:	05853783          	ld	a5,88(a0)
   10258:	00078463          	beqz	a5,10260 <exit+0x2c>
   1025c:	000780e7          	jalr	a5
   10260:	00040513          	mv	a0,s0
   10264:	3a0000ef          	jal	ra,10604 <_exit>

0000000000010268 <__libc_fini_array>:
   10268:	fe010113          	addi	sp,sp,-32
   1026c:	00813823          	sd	s0,16(sp)
   10270:	00001797          	auipc	a5,0x1
   10274:	42878793          	addi	a5,a5,1064 # 11698 <__fini_array_end>
   10278:	00001417          	auipc	s0,0x1
   1027c:	41840413          	addi	s0,s0,1048 # 11690 <__init_array_end>
   10280:	408787b3          	sub	a5,a5,s0
   10284:	00913423          	sd	s1,8(sp)
   10288:	00113c23          	sd	ra,24(sp)
   1028c:	4037d493          	srai	s1,a5,0x3
   10290:	02048063          	beqz	s1,102b0 <__libc_fini_array+0x48>
   10294:	ff878793          	addi	a5,a5,-8
   10298:	00878433          	add	s0,a5,s0
   1029c:	00043783          	ld	a5,0(s0)
   102a0:	fff48493          	addi	s1,s1,-1
   102a4:	ff840413          	addi	s0,s0,-8
   102a8:	000780e7          	jalr	a5
   102ac:	fe0498e3          	bnez	s1,1029c <__libc_fini_array+0x34>
   102b0:	01813083          	ld	ra,24(sp)
   102b4:	01013403          	ld	s0,16(sp)
   102b8:	00813483          	ld	s1,8(sp)
   102bc:	02010113          	addi	sp,sp,32
   102c0:	00008067          	ret

00000000000102c4 <__libc_init_array>:
   102c4:	fe010113          	addi	sp,sp,-32
   102c8:	00813823          	sd	s0,16(sp)
   102cc:	01213023          	sd	s2,0(sp)
   102d0:	00001417          	auipc	s0,0x1
   102d4:	3ac40413          	addi	s0,s0,940 # 1167c <__preinit_array_end>
   102d8:	00001917          	auipc	s2,0x1
   102dc:	3a490913          	addi	s2,s2,932 # 1167c <__preinit_array_end>
   102e0:	40890933          	sub	s2,s2,s0
   102e4:	00113c23          	sd	ra,24(sp)
   102e8:	00913423          	sd	s1,8(sp)
   102ec:	40395913          	srai	s2,s2,0x3
   102f0:	00090e63          	beqz	s2,1030c <__libc_init_array+0x48>
   102f4:	00000493          	li	s1,0
   102f8:	00043783          	ld	a5,0(s0)
   102fc:	00148493          	addi	s1,s1,1
   10300:	00840413          	addi	s0,s0,8
   10304:	000780e7          	jalr	a5
   10308:	fe9918e3          	bne	s2,s1,102f8 <__libc_init_array+0x34>
   1030c:	00001417          	auipc	s0,0x1
   10310:	37440413          	addi	s0,s0,884 # 11680 <__init_array_start>
   10314:	00001917          	auipc	s2,0x1
   10318:	37c90913          	addi	s2,s2,892 # 11690 <__init_array_end>
   1031c:	40890933          	sub	s2,s2,s0
   10320:	40395913          	srai	s2,s2,0x3
   10324:	00090e63          	beqz	s2,10340 <__libc_init_array+0x7c>
   10328:	00000493          	li	s1,0
   1032c:	00043783          	ld	a5,0(s0)
   10330:	00148493          	addi	s1,s1,1
   10334:	00840413          	addi	s0,s0,8
   10338:	000780e7          	jalr	a5
   1033c:	fe9918e3          	bne	s2,s1,1032c <__libc_init_array+0x68>
   10340:	01813083          	ld	ra,24(sp)
   10344:	01013403          	ld	s0,16(sp)
   10348:	00813483          	ld	s1,8(sp)
   1034c:	00013903          	ld	s2,0(sp)
   10350:	02010113          	addi	sp,sp,32
   10354:	00008067          	ret

0000000000010358 <memset>:
   10358:	00f00313          	li	t1,15
   1035c:	00050713          	mv	a4,a0
   10360:	02c37a63          	bgeu	t1,a2,10394 <memset+0x3c>
   10364:	00f77793          	andi	a5,a4,15
   10368:	0a079063          	bnez	a5,10408 <memset+0xb0>
   1036c:	06059e63          	bnez	a1,103e8 <memset+0x90>
   10370:	ff067693          	andi	a3,a2,-16
   10374:	00f67613          	andi	a2,a2,15
   10378:	00e686b3          	add	a3,a3,a4
   1037c:	00b73023          	sd	a1,0(a4)
   10380:	00b73423          	sd	a1,8(a4)
   10384:	01070713          	addi	a4,a4,16
   10388:	fed76ae3          	bltu	a4,a3,1037c <memset+0x24>
   1038c:	00061463          	bnez	a2,10394 <memset+0x3c>
   10390:	00008067          	ret
   10394:	40c306b3          	sub	a3,t1,a2
   10398:	00269693          	slli	a3,a3,0x2
   1039c:	00000297          	auipc	t0,0x0
   103a0:	005686b3          	add	a3,a3,t0
   103a4:	00c68067          	jr	12(a3)
   103a8:	00b70723          	sb	a1,14(a4)
   103ac:	00b706a3          	sb	a1,13(a4)
   103b0:	00b70623          	sb	a1,12(a4)
   103b4:	00b705a3          	sb	a1,11(a4)
   103b8:	00b70523          	sb	a1,10(a4)
   103bc:	00b704a3          	sb	a1,9(a4)
   103c0:	00b70423          	sb	a1,8(a4)
   103c4:	00b703a3          	sb	a1,7(a4)
   103c8:	00b70323          	sb	a1,6(a4)
   103cc:	00b702a3          	sb	a1,5(a4)
   103d0:	00b70223          	sb	a1,4(a4)
   103d4:	00b701a3          	sb	a1,3(a4)
   103d8:	00b70123          	sb	a1,2(a4)
   103dc:	00b700a3          	sb	a1,1(a4)
   103e0:	00b70023          	sb	a1,0(a4)
   103e4:	00008067          	ret
   103e8:	0ff5f593          	andi	a1,a1,255
   103ec:	00859693          	slli	a3,a1,0x8
   103f0:	00d5e5b3          	or	a1,a1,a3
   103f4:	01059693          	slli	a3,a1,0x10
   103f8:	00d5e5b3          	or	a1,a1,a3
   103fc:	02059693          	slli	a3,a1,0x20
   10400:	00d5e5b3          	or	a1,a1,a3
   10404:	f6dff06f          	j	10370 <memset+0x18>
   10408:	00279693          	slli	a3,a5,0x2
   1040c:	00000297          	auipc	t0,0x0
   10410:	005686b3          	add	a3,a3,t0
   10414:	00008293          	mv	t0,ra
   10418:	f98680e7          	jalr	-104(a3)
   1041c:	00028093          	mv	ra,t0
   10420:	ff078793          	addi	a5,a5,-16
   10424:	40f70733          	sub	a4,a4,a5
   10428:	00f60633          	add	a2,a2,a5
   1042c:	f6c374e3          	bgeu	t1,a2,10394 <memset+0x3c>
   10430:	f3dff06f          	j	1036c <memset+0x14>

0000000000010434 <__register_exitproc>:
   10434:	f4818793          	addi	a5,gp,-184 # 11de0 <_global_impure_ptr>
   10438:	0007b703          	ld	a4,0(a5)
   1043c:	1f873783          	ld	a5,504(a4)
   10440:	06078063          	beqz	a5,104a0 <__register_exitproc+0x6c>
   10444:	0087a703          	lw	a4,8(a5)
   10448:	01f00813          	li	a6,31
   1044c:	08e84663          	blt	a6,a4,104d8 <__register_exitproc+0xa4>
   10450:	02050863          	beqz	a0,10480 <__register_exitproc+0x4c>
   10454:	00371813          	slli	a6,a4,0x3
   10458:	01078833          	add	a6,a5,a6
   1045c:	10c83823          	sd	a2,272(a6)
   10460:	3107a883          	lw	a7,784(a5)
   10464:	00100613          	li	a2,1
   10468:	00e6163b          	sllw	a2,a2,a4
   1046c:	00c8e8b3          	or	a7,a7,a2
   10470:	3117a823          	sw	a7,784(a5)
   10474:	20d83823          	sd	a3,528(a6)
   10478:	00200693          	li	a3,2
   1047c:	02d50863          	beq	a0,a3,104ac <__register_exitproc+0x78>
   10480:	00270693          	addi	a3,a4,2
   10484:	00369693          	slli	a3,a3,0x3
   10488:	0017071b          	addiw	a4,a4,1
   1048c:	00e7a423          	sw	a4,8(a5)
   10490:	00d787b3          	add	a5,a5,a3
   10494:	00b7b023          	sd	a1,0(a5)
   10498:	00000513          	li	a0,0
   1049c:	00008067          	ret
   104a0:	20070793          	addi	a5,a4,512
   104a4:	1ef73c23          	sd	a5,504(a4)
   104a8:	f9dff06f          	j	10444 <__register_exitproc+0x10>
   104ac:	3147a683          	lw	a3,788(a5)
   104b0:	00000513          	li	a0,0
   104b4:	00c6e633          	or	a2,a3,a2
   104b8:	00270693          	addi	a3,a4,2
   104bc:	00369693          	slli	a3,a3,0x3
   104c0:	0017071b          	addiw	a4,a4,1
   104c4:	30c7aa23          	sw	a2,788(a5)
   104c8:	00e7a423          	sw	a4,8(a5)
   104cc:	00d787b3          	add	a5,a5,a3
   104d0:	00b7b023          	sd	a1,0(a5)
   104d4:	00008067          	ret
   104d8:	fff00513          	li	a0,-1
   104dc:	00008067          	ret

00000000000104e0 <__call_exitprocs>:
   104e0:	fb010113          	addi	sp,sp,-80
   104e4:	f4818793          	addi	a5,gp,-184 # 11de0 <_global_impure_ptr>
   104e8:	01813023          	sd	s8,0(sp)
   104ec:	0007bc03          	ld	s8,0(a5)
   104f0:	03313423          	sd	s3,40(sp)
   104f4:	03413023          	sd	s4,32(sp)
   104f8:	01513c23          	sd	s5,24(sp)
   104fc:	01613823          	sd	s6,16(sp)
   10500:	04113423          	sd	ra,72(sp)
   10504:	04813023          	sd	s0,64(sp)
   10508:	02913c23          	sd	s1,56(sp)
   1050c:	03213823          	sd	s2,48(sp)
   10510:	01713423          	sd	s7,8(sp)
   10514:	00050a93          	mv	s5,a0
   10518:	00058b13          	mv	s6,a1
   1051c:	00100a13          	li	s4,1
   10520:	fff00993          	li	s3,-1
   10524:	1f8c3903          	ld	s2,504(s8)
   10528:	02090863          	beqz	s2,10558 <__call_exitprocs+0x78>
   1052c:	00892483          	lw	s1,8(s2)
   10530:	fff4841b          	addiw	s0,s1,-1
   10534:	02044263          	bltz	s0,10558 <__call_exitprocs+0x78>
   10538:	00349493          	slli	s1,s1,0x3
   1053c:	009904b3          	add	s1,s2,s1
   10540:	040b0463          	beqz	s6,10588 <__call_exitprocs+0xa8>
   10544:	2084b783          	ld	a5,520(s1)
   10548:	05678063          	beq	a5,s6,10588 <__call_exitprocs+0xa8>
   1054c:	fff4041b          	addiw	s0,s0,-1
   10550:	ff848493          	addi	s1,s1,-8
   10554:	ff3416e3          	bne	s0,s3,10540 <__call_exitprocs+0x60>
   10558:	04813083          	ld	ra,72(sp)
   1055c:	04013403          	ld	s0,64(sp)
   10560:	03813483          	ld	s1,56(sp)
   10564:	03013903          	ld	s2,48(sp)
   10568:	02813983          	ld	s3,40(sp)
   1056c:	02013a03          	ld	s4,32(sp)
   10570:	01813a83          	ld	s5,24(sp)
   10574:	01013b03          	ld	s6,16(sp)
   10578:	00813b83          	ld	s7,8(sp)
   1057c:	00013c03          	ld	s8,0(sp)
   10580:	05010113          	addi	sp,sp,80
   10584:	00008067          	ret
   10588:	00892783          	lw	a5,8(s2)
   1058c:	0084b703          	ld	a4,8(s1)
   10590:	fff7879b          	addiw	a5,a5,-1
   10594:	04878e63          	beq	a5,s0,105f0 <__call_exitprocs+0x110>
   10598:	0004b423          	sd	zero,8(s1)
   1059c:	fa0708e3          	beqz	a4,1054c <__call_exitprocs+0x6c>
   105a0:	31092783          	lw	a5,784(s2)
   105a4:	008a16bb          	sllw	a3,s4,s0
   105a8:	00892b83          	lw	s7,8(s2)
   105ac:	00d7f7b3          	and	a5,a5,a3
   105b0:	0007879b          	sext.w	a5,a5
   105b4:	00079e63          	bnez	a5,105d0 <__call_exitprocs+0xf0>
   105b8:	000700e7          	jalr	a4
   105bc:	00892783          	lw	a5,8(s2)
   105c0:	f77792e3          	bne	a5,s7,10524 <__call_exitprocs+0x44>
   105c4:	1f8c3783          	ld	a5,504(s8)
   105c8:	f92782e3          	beq	a5,s2,1054c <__call_exitprocs+0x6c>
   105cc:	f59ff06f          	j	10524 <__call_exitprocs+0x44>
   105d0:	31492783          	lw	a5,788(s2)
   105d4:	1084b583          	ld	a1,264(s1)
   105d8:	00d7f7b3          	and	a5,a5,a3
   105dc:	0007879b          	sext.w	a5,a5
   105e0:	00079c63          	bnez	a5,105f8 <__call_exitprocs+0x118>
   105e4:	000a8513          	mv	a0,s5
   105e8:	000700e7          	jalr	a4
   105ec:	fd1ff06f          	j	105bc <__call_exitprocs+0xdc>
   105f0:	00892423          	sw	s0,8(s2)
   105f4:	fa9ff06f          	j	1059c <__call_exitprocs+0xbc>
   105f8:	00058513          	mv	a0,a1
   105fc:	000700e7          	jalr	a4
   10600:	fbdff06f          	j	105bc <__call_exitprocs+0xdc>

0000000000010604 <_exit>:
   10604:	00000593          	li	a1,0
   10608:	00000613          	li	a2,0
   1060c:	00000693          	li	a3,0
   10610:	00000713          	li	a4,0
   10614:	00000793          	li	a5,0
   10618:	05d00893          	li	a7,93
   1061c:	00000073          	ecall
   10620:	00054463          	bltz	a0,10628 <_exit+0x24>
   10624:	0000006f          	j	10624 <_exit+0x20>
   10628:	ff010113          	addi	sp,sp,-16
   1062c:	00813023          	sd	s0,0(sp)
   10630:	00050413          	mv	s0,a0
   10634:	00113423          	sd	ra,8(sp)
   10638:	4080043b          	negw	s0,s0
   1063c:	00c000ef          	jal	ra,10648 <__errno>
   10640:	00852023          	sw	s0,0(a0)
   10644:	0000006f          	j	10644 <_exit+0x40>

0000000000010648 <__errno>:
   10648:	f5818793          	addi	a5,gp,-168 # 11df0 <_impure_ptr>
   1064c:	0007b503          	ld	a0,0(a5)
   10650:	00008067          	ret